q:\__packages\_github\btrconstraint\rignode\rignode\x64\debug\vc143.pdb
q:\__packages\_github\btrconstraint\rignode\rignode\x64\debug\vc143.idb
q:\__packages\_github\btrconstraint\rignode\rignode\x64\debug\pluginmain.obj
q:\__packages\_github\btrconstraint\rignode\x64\debug\rignode.lib
q:\__packages\_github\btrconstraint\rignode\x64\debug\rignode.exp
q:\__packages\_github\btrconstraint\rignode\x64\debug\rignode.pdb
q:\__packages\_github\btrconstraint\rignode\rignode\x64\debug\rignode.tlog\cl.command.1.tlog
q:\__packages\_github\btrconstraint\rignode\rignode\x64\debug\rignode.tlog\cl.items.tlog
q:\__packages\_github\btrconstraint\rignode\rignode\x64\debug\rignode.tlog\cl.read.1.tlog
q:\__packages\_github\btrconstraint\rignode\rignode\x64\debug\rignode.tlog\cl.write.1.tlog
q:\__packages\_github\btrconstraint\rignode\rignode\x64\debug\rignode.tlog\link.8224-cvtres.read.1.tlog
q:\__packages\_github\btrconstraint\rignode\rignode\x64\debug\rignode.tlog\link.8224-cvtres.write.1.tlog
q:\__packages\_github\btrconstraint\rignode\rignode\x64\debug\rignode.tlog\link.8224-rc.read.1.tlog
q:\__packages\_github\btrconstraint\rignode\rignode\x64\debug\rignode.tlog\link.8224-rc.write.1.tlog
q:\__packages\_github\btrconstraint\rignode\rignode\x64\debug\rignode.tlog\link.8224.read.1.tlog
q:\__packages\_github\btrconstraint\rignode\rignode\x64\debug\rignode.tlog\link.8224.read.2.tlog
q:\__packages\_github\btrconstraint\rignode\rignode\x64\debug\rignode.tlog\link.8224.write.1.tlog
q:\__packages\_github\btrconstraint\rignode\rignode\x64\debug\rignode.tlog\link.command.1.tlog
q:\__packages\_github\btrconstraint\rignode\rignode\x64\debug\rignode.tlog\link.read.1.tlog
q:\__packages\_github\btrconstraint\rignode\rignode\x64\debug\rignode.tlog\link.write.1.tlog
q:\__packages\_github\btrconstraint\rignode\rignode\x64\debug\rignode.tlog\link.write.2u.tlog
